# JRE version: OpenJDK Runtime Environment Temurin-21.0.10+7 (21.0.10+7) (build 21.0.10+7-LTS)
# Java VM: OpenJDK 64-Bit Server VM Temurin-21.0.10+7 (21.0.10+7-LTS, mixed mode, sharing, tiered, compressed oops, compressed class ptrs, parallel gc, windows-amd64)
GC Precious Log:
 CardTable entry size: 512
 CPUs: 16 total, 16 available
 Memory: 15681M
 Large Page Support: Disabled
 NUMA Support: Disabled
 Compressed Oops: Enabled (32-bit)
 Alignments: Space 512K, Generation 512K, Heap 2M
 Heap Min Capacity: 100M
 Heap Initial Capacity: 100M
 Heap Max Capacity: 2G
 Pre-touch: Disabled
 Parallel Workers: 13
Heap:
 PSYoungGen      total 6656K, used 1054K [0x00000000d5580000, 0x00000000d5d00000, 0x0000000100000000)
  eden space 5632K, 9% used [0x00000000d5580000,0x00000000d55ff9e0,0x00000000d5b00000)
  from space 1024K, 53% used [0x00000000d5b00000,0x00000000d5b88000,0x00000000d5c00000)
  to   space 1024K, 0% used [0x00000000d5c00000,0x00000000d5c00000,0x00000000d5d00000)
 ParOldGen       total 778240K, used 476992K [0x0000000080000000, 0x00000000af800000, 0x00000000d5580000)
  object space 778240K, 61% used [0x0000000080000000,0x000000009d1d0308,0x00000000af800000)
 Metaspace       used 96955K, committed 98688K, reserved 1179648K
  class space    used 11275K, committed 12096K, reserved 1048576K
GC Heap History (20 events):
Event: 532.383 GC heap before
{Heap before GC invocations=4992 (full 5):
 PSYoungGen      total 6656K, used 6560K [0x00000000d5580000, 0x00000000d5e00000, 0x0000000100000000)
  eden space 5632K, 100% used [0x00000000d5580000,0x00000000d5b00000,0x00000000d5b00000)
  from space 1024K, 90% used [0x00000000d5d00000,0x00000000d5de8000,0x00000000d5e00000)
  to   space 1024K, 0% used [0x00000000d5c00000,0x00000000d5c00000,0x00000000d5d00000)
 ParOldGen       total 778240K, used 471764K [0x0000000080000000, 0x00000000af800000, 0x00000000d5580000)
  object space 778240K, 60% used [0x0000000080000000,0x000000009ccb5298,0x00000000af800000)
 Metaspace       used 96947K, committed 98688K, reserved 1179648K
  class space    used 11275K, committed 12096K, reserved 1048576K
}
Event: 532.386 GC heap after
{Heap after GC invocations=4992 (full 5):
 PSYoungGen      total 6656K, used 688K [0x00000000d5580000, 0x00000000d5d80000, 0x0000000100000000)
  eden space 5632K, 0% used [0x00000000d5580000,0x00000000d5580000,0x00000000d5b00000)
  from space 1024K, 67% used [0x00000000d5c00000,0x00000000d5cac010,0x00000000d5d00000)
  to   space 512K, 0% used [0x00000000d5d00000,0x00000000d5d00000,0x00000000d5d80000)
 ParOldGen       total 778240K, used 472180K [0x0000000080000000, 0x00000000af800000, 0x00000000d5580000)
  object space 778240K, 60% used [0x0000000080000000,0x000000009cd1d298,0x00000000af800000)
 Metaspace       used 96947K, committed 98688K, reserved 1179648K
  class space    used 11275K, committed 12096K, reserved 1048576K
}
Event: 532.404 GC heap before
{Heap before GC invocations=4993 (full 5):
 PSYoungGen      total 6656K, used 6320K [0x00000000d5580000, 0x00000000d5d80000, 0x0000000100000000)
  eden space 5632K, 100% used [0x00000000d5580000,0x00000000d5b00000,0x00000000d5b00000)
  from space 1024K, 67% used [0x00000000d5c00000,0x00000000d5cac010,0x00000000d5d00000)
  to   space 512K, 0% used [0x00000000d5d00000,0x00000000d5d00000,0x00000000d5d80000)
 ParOldGen       total 778240K, used 472180K [0x0000000080000000, 0x00000000af800000, 0x00000000d5580000)
  object space 778240K, 60% used [0x0000000080000000,0x000000009cd1d298,0x00000000af800000)
 Metaspace       used 96947K, committed 98688K, reserved 1179648K
  class space    used 11275K, committed 12096K, reserved 1048576K
}
Event: 532.408 GC heap after
{Heap after GC invocations=4993 (full 5):
 PSYoungGen      total 6144K, used 512K [0x00000000d5580000, 0x00000000d5e00000, 0x0000000100000000)
  eden space 5632K, 0% used [0x00000000d5580000,0x00000000d5580000,0x00000000d5b00000)
  from space 512K, 100% used [0x00000000d5d00000,0x00000000d5d80000,0x00000000d5d80000)
  to   space 1536K, 0% used [0x00000000d5b00000,0x00000000d5b00000,0x00000000d5c80000)
 ParOldGen       total 778240K, used 472996K [0x0000000080000000, 0x00000000af800000, 0x00000000d5580000)
  object space 778240K, 60% used [0x0000000080000000,0x000000009cde92b8,0x00000000af800000)
 Metaspace       used 96947K, committed 98688K, reserved 1179648K
  class space    used 11275K, committed 12096K, reserved 1048576K
}
Event: 532.427 GC heap before
{Heap before GC invocations=4994 (full 5):
 PSYoungGen      total 6144K, used 6144K [0x00000000d5580000, 0x00000000d5e00000, 0x0000000100000000)
  eden space 5632K, 100% used [0x00000000d5580000,0x00000000d5b00000,0x00000000d5b00000)
  from space 512K, 100% used [0x00000000d5d00000,0x00000000d5d80000,0x00000000d5d80000)
  to   space 1536K, 0% used [0x00000000d5b00000,0x00000000d5b00000,0x00000000d5c80000)
 ParOldGen       total 778240K, used 472996K [0x0000000080000000, 0x00000000af800000, 0x00000000d5580000)
  object space 778240K, 60% used [0x0000000080000000,0x000000009cde92b8,0x00000000af800000)
 Metaspace       used 96947K, committed 98688K, reserved 1179648K
  class space    used 11275K, committed 12096K, reserved 1048576K
}
Event: 532.430 GC heap after
{Heap after GC invocations=4994 (full 5):
 PSYoungGen      total 7168K, used 992K [0x00000000d5580000, 0x00000000d5e00000, 0x0000000100000000)
  eden space 5632K, 0% used [0x00000000d5580000,0x00000000d5580000,0x00000000d5b00000)
  from space 1536K, 64% used [0x00000000d5b00000,0x00000000d5bf8000,0x00000000d5c80000)
  to   space 1536K, 0% used [0x00000000d5c80000,0x00000000d5c80000,0x00000000d5e00000)
 ParOldGen       total 778240K, used 473392K [0x0000000080000000, 0x00000000af800000, 0x00000000d5580000)
  object space 778240K, 60% used [0x0000000080000000,0x000000009ce4c2c8,0x00000000af800000)
 Metaspace       used 96947K, committed 98688K, reserved 1179648K
  class space    used 11275K, committed 12096K, reserved 1048576K
}
Event: 532.445 GC heap before
{Heap before GC invocations=4995 (full 5):
 PSYoungGen      total 7168K, used 6624K [0x00000000d5580000, 0x00000000d5e00000, 0x0000000100000000)
  eden space 5632K, 100% used [0x00000000d5580000,0x00000000d5b00000,0x00000000d5b00000)
  from space 1536K, 64% used [0x00000000d5b00000,0x00000000d5bf8000,0x00000000d5c80000)
  to   space 1536K, 0% used [0x00000000d5c80000,0x00000000d5c80000,0x00000000d5e00000)
 ParOldGen       total 778240K, used 473392K [0x0000000080000000, 0x00000000af800000, 0x00000000d5580000)
  object space 778240K, 60% used [0x0000000080000000,0x000000009ce4c2c8,0x00000000af800000)
 Metaspace       used 96952K, committed 98688K, reserved 1179648K
  class space    used 11275K, committed 12096K, reserved 1048576K
}
Event: 532.447 GC heap after
{Heap after GC invocations=4995 (full 5):
 PSYoungGen      total 6144K, used 400K [0x00000000d5580000, 0x00000000d5d00000, 0x0000000100000000)
  eden space 5632K, 0% used [0x00000000d5580000,0x00000000d5580000,0x00000000d5b00000)
  from space 512K, 78% used [0x00000000d5c80000,0x00000000d5ce4010,0x00000000d5d00000)
  to   space 1024K, 0% used [0x00000000d5b00000,0x00000000d5b00000,0x00000000d5c00000)
 ParOldGen       total 778240K, used 473928K [0x0000000080000000, 0x00000000af800000, 0x00000000d5580000)
  object space 778240K, 60% used [0x0000000080000000,0x000000009ced22c8,0x00000000af800000)
 Metaspace       used 96952K, committed 98688K, reserved 1179648K
  class space    used 11275K, committed 12096K, reserved 1048576K
}
Event: 532.464 GC heap before
{Heap before GC invocations=4996 (full 5):
 PSYoungGen      total 6144K, used 6032K [0x00000000d5580000, 0x00000000d5d00000, 0x0000000100000000)
  eden space 5632K, 100% used [0x00000000d5580000,0x00000000d5b00000,0x00000000d5b00000)
  from space 512K, 78% used [0x00000000d5c80000,0x00000000d5ce4010,0x00000000d5d00000)
  to   space 1024K, 0% used [0x00000000d5b00000,0x00000000d5b00000,0x00000000d5c00000)
 ParOldGen       total 778240K, used 473928K [0x0000000080000000, 0x00000000af800000, 0x00000000d5580000)
  object space 778240K, 60% used [0x0000000080000000,0x000000009ced22c8,0x00000000af800000)
 Metaspace       used 96952K, committed 98688K, reserved 1179648K
  class space    used 11275K, committed 12096K, reserved 1048576K
}
Event: 532.466 GC heap after
{Heap after GC invocations=4996 (full 5):
 PSYoungGen      total 6656K, used 1008K [0x00000000d5580000, 0x00000000d5e00000, 0x0000000100000000)
  eden space 5632K, 0% used [0x00000000d5580000,0x00000000d5580000,0x00000000d5b00000)
  from space 1024K, 98% used [0x00000000d5b00000,0x00000000d5bfc010,0x00000000d5c00000)
  to   space 1536K, 0% used [0x00000000d5c80000,0x00000000d5c80000,0x00000000d5e00000)
 ParOldGen       total 778240K, used 474144K [0x0000000080000000, 0x00000000af800000, 0x00000000d5580000)
  object space 778240K, 60% used [0x0000000080000000,0x000000009cf082c8,0x00000000af800000)
 Metaspace       used 96952K, committed 98688K, reserved 1179648K
  class space    used 11275K, committed 12096K, reserved 1048576K
}
Event: 532.486 GC heap before
{Heap before GC invocations=4997 (full 5):
 PSYoungGen      total 6656K, used 6632K [0x00000000d5580000, 0x00000000d5e00000, 0x0000000100000000)
  eden space 5632K, 99% used [0x00000000d5580000,0x00000000d5afe1f0,0x00000000d5b00000)
  from space 1024K, 98% used [0x00000000d5b00000,0x00000000d5bfc010,0x00000000d5c00000)
  to   space 1536K, 0% used [0x00000000d5c80000,0x00000000d5c80000,0x00000000d5e00000)
 ParOldGen       total 778240K, used 474144K [0x0000000080000000, 0x00000000af800000, 0x00000000d5580000)
  object space 778240K, 60% used [0x0000000080000000,0x000000009cf082c8,0x00000000af800000)
 Metaspace       used 96952K, committed 98688K, reserved 1179648K
  class space    used 11275K, committed 12096K, reserved 1048576K
}
Event: 532.489 GC heap after
{Heap after GC invocations=4997 (full 5):
 PSYoungGen      total 7168K, used 1088K [0x00000000d5580000, 0x00000000d5e00000, 0x0000000100000000)
  eden space 5632K, 0% used [0x00000000d5580000,0x00000000d5580000,0x00000000d5b00000)
  from space 1536K, 70% used [0x00000000d5c80000,0x00000000d5d90020,0x00000000d5e00000)
  to   space 1536K, 0% used [0x00000000d5b00000,0x00000000d5b00000,0x00000000d5c80000)
 ParOldGen       total 778240K, used 474672K [0x0000000080000000, 0x00000000af800000, 0x00000000d5580000)
  object space 778240K, 60% used [0x0000000080000000,0x000000009cf8c2e8,0x00000000af800000)
 Metaspace       used 96952K, committed 98688K, reserved 1179648K
  class space    used 11275K, committed 12096K, reserved 1048576K
}
Event: 532.523 GC heap before
{Heap before GC invocations=4998 (full 5):
 PSYoungGen      total 7168K, used 6720K [0x00000000d5580000, 0x00000000d5e00000, 0x0000000100000000)
  eden space 5632K, 100% used [0x00000000d5580000,0x00000000d5b00000,0x00000000d5b00000)
  from space 1536K, 70% used [0x00000000d5c80000,0x00000000d5d90020,0x00000000d5e00000)
  to   space 1536K, 0% used [0x00000000d5b00000,0x00000000d5b00000,0x00000000d5c80000)
 ParOldGen       total 778240K, used 474672K [0x0000000080000000, 0x00000000af800000, 0x00000000d5580000)
  object space 778240K, 60% used [0x0000000080000000,0x000000009cf8c2e8,0x00000000af800000)
 Metaspace       used 96952K, committed 98688K, reserved 1179648K
  class space    used 11275K, committed 12096K, reserved 1048576K
}
Event: 532.526 GC heap after
{Heap after GC invocations=4998 (full 5):
 PSYoungGen      total 6656K, used 640K [0x00000000d5580000, 0x00000000d5d00000, 0x0000000100000000)
  eden space 5632K, 0% used [0x00000000d5580000,0x00000000d5580000,0x00000000d5b00000)
  from space 1024K, 62% used [0x00000000d5b00000,0x00000000d5ba0020,0x00000000d5c00000)
  to   space 1024K, 0% used [0x00000000d5c00000,0x00000000d5c00000,0x00000000d5d00000)
 ParOldGen       total 778240K, used 475376K [0x0000000080000000, 0x00000000af800000, 0x00000000d5580000)
  object space 778240K, 61% used [0x0000000080000000,0x000000009d03c308,0x00000000af800000)
 Metaspace       used 96952K, committed 98688K, reserved 1179648K
  class space    used 11275K, committed 12096K, reserved 1048576K
}
Event: 532.569 GC heap before
{Heap before GC invocations=4999 (full 5):
 PSYoungGen      total 6656K, used 6272K [0x00000000d5580000, 0x00000000d5d00000, 0x0000000100000000)
  eden space 5632K, 100% used [0x00000000d5580000,0x00000000d5b00000,0x00000000d5b00000)
  from space 1024K, 62% used [0x00000000d5b00000,0x00000000d5ba0020,0x00000000d5c00000)
  to   space 1024K, 0% used [0x00000000d5c00000,0x00000000d5c00000,0x00000000d5d00000)
 ParOldGen       total 778240K, used 475376K [0x0000000080000000, 0x00000000af800000, 0x00000000d5580000)
  object space 778240K, 61% used [0x0000000080000000,0x000000009d03c308,0x00000000af800000)
 Metaspace       used 96952K, committed 98688K, reserved 1179648K
  class space    used 11275K, committed 12096K, reserved 1048576K
}
Event: 532.572 GC heap after
{Heap after GC invocations=4999 (full 5):
 PSYoungGen      total 6656K, used 832K [0x00000000d5580000, 0x00000000d5d00000, 0x0000000100000000)
  eden space 5632K, 0% used [0x00000000d5580000,0x00000000d5580000,0x00000000d5b00000)
  from space 1024K, 81% used [0x00000000d5c00000,0x00000000d5cd0020,0x00000000d5d00000)
  to   space 1024K, 0% used [0x00000000d5b00000,0x00000000d5b00000,0x00000000d5c00000)
 ParOldGen       total 778240K, used 475792K [0x0000000080000000, 0x00000000af800000, 0x00000000d5580000)
  object space 778240K, 61% used [0x0000000080000000,0x000000009d0a4308,0x00000000af800000)
 Metaspace       used 96952K, committed 98688K, reserved 1179648K
  class space    used 11275K, committed 12096K, reserved 1048576K
}
Event: 532.596 GC heap before
{Heap before GC invocations=5000 (full 5):
 PSYoungGen      total 6656K, used 6464K [0x00000000d5580000, 0x00000000d5d00000, 0x0000000100000000)
  eden space 5632K, 100% used [0x00000000d5580000,0x00000000d5b00000,0x00000000d5b00000)
  from space 1024K, 81% used [0x00000000d5c00000,0x00000000d5cd0020,0x00000000d5d00000)
  to   space 1024K, 0% used [0x00000000d5b00000,0x00000000d5b00000,0x00000000d5c00000)
 ParOldGen       total 778240K, used 475792K [0x0000000080000000, 0x00000000af800000, 0x00000000d5580000)
  object space 778240K, 61% used [0x0000000080000000,0x000000009d0a4308,0x00000000af800000)
 Metaspace       used 96952K, committed 98688K, reserved 1179648K
  class space    used 11275K, committed 12096K, reserved 1048576K
}
Event: 532.598 GC heap after
{Heap after GC invocations=5000 (full 5):
 PSYoungGen      total 6656K, used 736K [0x00000000d5580000, 0x00000000d5d00000, 0x0000000100000000)
  eden space 5632K, 0% used [0x00000000d5580000,0x00000000d5580000,0x00000000d5b00000)
  from space 1024K, 71% used [0x00000000d5b00000,0x00000000d5bb8020,0x00000000d5c00000)
  to   space 1024K, 0% used [0x00000000d5c00000,0x00000000d5c00000,0x00000000d5d00000)
 ParOldGen       total 778240K, used 476240K [0x0000000080000000, 0x00000000af800000, 0x00000000d5580000)
  object space 778240K, 61% used [0x0000000080000000,0x000000009d114308,0x00000000af800000)
 Metaspace       used 96952K, committed 98688K, reserved 1179648K
  class space    used 11275K, committed 12096K, reserved 1048576K
}
Event: 532.624 GC heap before
{Heap before GC invocations=5001 (full 5):
 PSYoungGen      total 6656K, used 6367K [0x00000000d5580000, 0x00000000d5d00000, 0x0000000100000000)
  eden space 5632K, 99% used [0x00000000d5580000,0x00000000d5afffb8,0x00000000d5b00000)
  from space 1024K, 71% used [0x00000000d5b00000,0x00000000d5bb8020,0x00000000d5c00000)
  to   space 1024K, 0% used [0x00000000d5c00000,0x00000000d5c00000,0x00000000d5d00000)
 ParOldGen       total 778240K, used 476240K [0x0000000080000000, 0x00000000af800000, 0x00000000d5580000)
  object space 778240K, 61% used [0x0000000080000000,0x000000009d114308,0x00000000af800000)
 Metaspace       used 96952K, committed 98688K, reserved 1179648K
  class space    used 11275K, committed 12096K, reserved 1048576K
}
Event: 532.628 GC heap after
{Heap after GC invocations=5001 (full 5):
 PSYoungGen      total 6656K, used 704K [0x00000000d5580000, 0x00000000d5d00000, 0x0000000100000000)
  eden space 5632K, 0% used [0x00000000d5580000,0x00000000d5580000,0x00000000d5b00000)
  from space 1024K, 68% used [0x00000000d5c00000,0x00000000d5cb0000,0x00000000d5d00000)
  to   space 1024K, 0% used [0x00000000d5b00000,0x00000000d5b00000,0x00000000d5c00000)
 ParOldGen       total 778240K, used 476672K [0x0000000080000000, 0x00000000af800000, 0x00000000d5580000)
  object space 778240K, 61% used [0x0000000080000000,0x000000009d180308,0x00000000af800000)
 Metaspace       used 96952K, committed 98688K, reserved 1179648K
  class space    used 11275K, committed 12096K, reserved 1048576K
}

