# JRE version: OpenJDK Runtime Environment Temurin-21.0.11+10 (21.0.11+10) (build 21.0.11+10-LTS)
# Java VM: OpenJDK 64-Bit Server VM Temurin-21.0.11+10 (21.0.11+10-LTS, mixed mode, sharing, tiered, compressed oops, compressed class ptrs, parallel gc, windows-amd64)
GC Precious Log:
 CardTable entry size: 512
 CPUs: 16 total, 16 available
 Memory: 16202M
 Large Page Support: Disabled
 NUMA Support: Disabled
 Compressed Oops: Enabled (32-bit)
 Alignments: Space 512K, Generation 512K, Heap 2M
 Heap Min Capacity: 100M
 Heap Initial Capacity: 100M
 Heap Max Capacity: 2G
 Pre-touch: Disabled
 Parallel Workers: 13
Heap:
 PSYoungGen      total 20480K, used 3360K [0x00000000d5580000, 0x00000000d6d00000, 0x0000000100000000)
  eden space 16896K, 0% used [0x00000000d5580000,0x00000000d5580000,0x00000000d6600000)
  from space 3584K, 93% used [0x00000000d6600000,0x00000000d6948040,0x00000000d6980000)
  to   space 3072K, 0% used [0x00000000d6a00000,0x00000000d6a00000,0x00000000d6d00000)
 ParOldGen       total 1341440K, used 1341331K [0x0000000080000000, 0x00000000d1e00000, 0x00000000d5580000)
  object space 1341440K, 99% used [0x0000000080000000,0x00000000d1de4f18,0x00000000d1e00000)
 Metaspace       used 113612K, committed 115840K, reserved 1179648K
  class space    used 12595K, committed 13632K, reserved 1048576K
GC Heap History (20 events):
Event: 852.372 GC heap after
{Heap after GC invocations=26760 (full 21):
 PSYoungGen      total 16384K, used 608K [0x00000000d5580000, 0x00000000d6880000, 0x0000000100000000)
  eden space 14336K, 0% used [0x00000000d5580000,0x00000000d5580000,0x00000000d6380000)
  from space 2048K, 29% used [0x00000000d6500000,0x00000000d6598000,0x00000000d6700000)
  to   space 1024K, 0% used [0x00000000d6780000,0x00000000d6780000,0x00000000d6880000)
 ParOldGen       total 1330688K, used 1330467K [0x0000000080000000, 0x00000000d1380000, 0x00000000d5580000)
  object space 1330688K, 99% used [0x0000000080000000,0x00000000d1348d58,0x00000000d1380000)
 Metaspace       used 113608K, committed 115840K, reserved 1179648K
  class space    used 12594K, committed 13632K, reserved 1048576K
}
Event: 852.400 GC heap before
{Heap before GC invocations=26761 (full 21):
 PSYoungGen      total 16384K, used 14944K [0x00000000d5580000, 0x00000000d6880000, 0x0000000100000000)
  eden space 14336K, 100% used [0x00000000d5580000,0x00000000d6380000,0x00000000d6380000)
  from space 2048K, 29% used [0x00000000d6500000,0x00000000d6598000,0x00000000d6700000)
  to   space 1024K, 0% used [0x00000000d6780000,0x00000000d6780000,0x00000000d6880000)
 ParOldGen       total 1330688K, used 1330467K [0x0000000080000000, 0x00000000d1380000, 0x00000000d5580000)
  object space 1330688K, 99% used [0x0000000080000000,0x00000000d1348d58,0x00000000d1380000)
 Metaspace       used 113608K, committed 115840K, reserved 1179648K
  class space    used 12594K, committed 13632K, reserved 1048576K
}
Event: 852.402 GC heap after
{Heap after GC invocations=26761 (full 21):
 PSYoungGen      total 15360K, used 640K [0x00000000d5580000, 0x00000000d6880000, 0x0000000100000000)
  eden space 14336K, 0% used [0x00000000d5580000,0x00000000d5580000,0x00000000d6380000)
  from space 1024K, 62% used [0x00000000d6780000,0x00000000d6820000,0x00000000d6880000)
  to   space 1024K, 0% used [0x00000000d6680000,0x00000000d6680000,0x00000000d6780000)
 ParOldGen       total 1331200K, used 1330947K [0x0000000080000000, 0x00000000d1400000, 0x00000000d5580000)
  object space 1331200K, 99% used [0x0000000080000000,0x00000000d13c0d58,0x00000000d1400000)
 Metaspace       used 113608K, committed 115840K, reserved 1179648K
  class space    used 12594K, committed 13632K, reserved 1048576K
}
Event: 852.426 GC heap before
{Heap before GC invocations=26762 (full 21):
 PSYoungGen      total 15360K, used 14976K [0x00000000d5580000, 0x00000000d6880000, 0x0000000100000000)
  eden space 14336K, 100% used [0x00000000d5580000,0x00000000d6380000,0x00000000d6380000)
  from space 1024K, 62% used [0x00000000d6780000,0x00000000d6820000,0x00000000d6880000)
  to   space 1024K, 0% used [0x00000000d6680000,0x00000000d6680000,0x00000000d6780000)
 ParOldGen       total 1331200K, used 1330947K [0x0000000080000000, 0x00000000d1400000, 0x00000000d5580000)
  object space 1331200K, 99% used [0x0000000080000000,0x00000000d13c0d58,0x00000000d1400000)
 Metaspace       used 113608K, committed 115840K, reserved 1179648K
  class space    used 12594K, committed 13632K, reserved 1048576K
}
Event: 852.428 GC heap after
{Heap after GC invocations=26762 (full 21):
 PSYoungGen      total 15360K, used 544K [0x00000000d5580000, 0x00000000d6800000, 0x0000000100000000)
  eden space 14336K, 0% used [0x00000000d5580000,0x00000000d5580000,0x00000000d6380000)
  from space 1024K, 53% used [0x00000000d6680000,0x00000000d6708000,0x00000000d6780000)
  to   space 512K, 0% used [0x00000000d6780000,0x00000000d6780000,0x00000000d6800000)
 ParOldGen       total 1331712K, used 1331427K [0x0000000080000000, 0x00000000d1480000, 0x00000000d5580000)
  object space 1331712K, 99% used [0x0000000080000000,0x00000000d1438d88,0x00000000d1480000)
 Metaspace       used 113608K, committed 115840K, reserved 1179648K
  class space    used 12594K, committed 13632K, reserved 1048576K
}
Event: 852.446 GC heap before
{Heap before GC invocations=26763 (full 21):
 PSYoungGen      total 15360K, used 14880K [0x00000000d5580000, 0x00000000d6800000, 0x0000000100000000)
  eden space 14336K, 100% used [0x00000000d5580000,0x00000000d6380000,0x00000000d6380000)
  from space 1024K, 53% used [0x00000000d6680000,0x00000000d6708000,0x00000000d6780000)
  to   space 512K, 0% used [0x00000000d6780000,0x00000000d6780000,0x00000000d6800000)
 ParOldGen       total 1331712K, used 1331427K [0x0000000080000000, 0x00000000d1480000, 0x00000000d5580000)
  object space 1331712K, 99% used [0x0000000080000000,0x00000000d1438d88,0x00000000d1480000)
 Metaspace       used 113608K, committed 115840K, reserved 1179648K
  class space    used 12594K, committed 13632K, reserved 1048576K
}
Event: 852.838 GC heap after
{Heap after GC invocations=26763 (full 21):
 PSYoungGen      total 17408K, used 496K [0x00000000d5580000, 0x00000000d6980000, 0x0000000100000000)
  eden space 16896K, 0% used [0x00000000d5580000,0x00000000d5580000,0x00000000d6600000)
  from space 512K, 96% used [0x00000000d6780000,0x00000000d67fc010,0x00000000d6800000)
  to   space 1536K, 0% used [0x00000000d6600000,0x00000000d6600000,0x00000000d6780000)
 ParOldGen       total 1332224K, used 1331915K [0x0000000080000000, 0x00000000d1500000, 0x00000000d5580000)
  object space 1332224K, 99% used [0x0000000080000000,0x00000000d14b2d98,0x00000000d1500000)
 Metaspace       used 113608K, committed 115840K, reserved 1179648K
  class space    used 12594K, committed 13632K, reserved 1048576K
}
Event: 852.873 GC heap before
{Heap before GC invocations=26764 (full 21):
 PSYoungGen      total 17408K, used 17392K [0x00000000d5580000, 0x00000000d6980000, 0x0000000100000000)
  eden space 16896K, 100% used [0x00000000d5580000,0x00000000d6600000,0x00000000d6600000)
  from space 512K, 96% used [0x00000000d6780000,0x00000000d67fc010,0x00000000d6800000)
  to   space 1536K, 0% used [0x00000000d6600000,0x00000000d6600000,0x00000000d6780000)
 ParOldGen       total 1332224K, used 1331915K [0x0000000080000000, 0x00000000d1500000, 0x00000000d5580000)
  object space 1332224K, 99% used [0x0000000080000000,0x00000000d14b2d98,0x00000000d1500000)
 Metaspace       used 113608K, committed 115840K, reserved 1179648K
  class space    used 12594K, committed 13632K, reserved 1048576K
}
Event: 852.875 GC heap after
{Heap after GC invocations=26764 (full 21):
 PSYoungGen      total 18432K, used 736K [0x00000000d5580000, 0x00000000d6b80000, 0x0000000100000000)
  eden space 16896K, 0% used [0x00000000d5580000,0x00000000d5580000,0x00000000d6600000)
  from space 1536K, 47% used [0x00000000d6600000,0x00000000d66b8000,0x00000000d6780000)
  to   space 1024K, 0% used [0x00000000d6a80000,0x00000000d6a80000,0x00000000d6b80000)
 ParOldGen       total 1332736K, used 1332383K [0x0000000080000000, 0x00000000d1580000, 0x00000000d5580000)
  object space 1332736K, 99% used [0x0000000080000000,0x00000000d1527dc8,0x00000000d1580000)
 Metaspace       used 113608K, committed 115840K, reserved 1179648K
  class space    used 12594K, committed 13632K, reserved 1048576K
}
Event: 852.901 GC heap before
{Heap before GC invocations=26765 (full 21):
 PSYoungGen      total 18432K, used 17632K [0x00000000d5580000, 0x00000000d6b80000, 0x0000000100000000)
  eden space 16896K, 100% used [0x00000000d5580000,0x00000000d6600000,0x00000000d6600000)
  from space 1536K, 47% used [0x00000000d6600000,0x00000000d66b8000,0x00000000d6780000)
  to   space 1024K, 0% used [0x00000000d6a80000,0x00000000d6a80000,0x00000000d6b80000)
 ParOldGen       total 1332736K, used 1332383K [0x0000000080000000, 0x00000000d1580000, 0x00000000d5580000)
  object space 1332736K, 99% used [0x0000000080000000,0x00000000d1527dc8,0x00000000d1580000)
 Metaspace       used 113608K, committed 115840K, reserved 1179648K
  class space    used 12594K, committed 13632K, reserved 1048576K
}
Event: 852.903 GC heap after
{Heap after GC invocations=26765 (full 21):
 PSYoungGen      total 17920K, used 576K [0x00000000d5580000, 0x00000000d6b80000, 0x0000000100000000)
  eden space 16896K, 0% used [0x00000000d5580000,0x00000000d5580000,0x00000000d6600000)
  from space 1024K, 56% used [0x00000000d6a80000,0x00000000d6b10000,0x00000000d6b80000)
  to   space 1024K, 0% used [0x00000000d6980000,0x00000000d6980000,0x00000000d6a80000)
 ParOldGen       total 1333248K, used 1332935K [0x0000000080000000, 0x00000000d1600000, 0x00000000d5580000)
  object space 1333248K, 99% used [0x0000000080000000,0x00000000d15b1dc8,0x00000000d1600000)
 Metaspace       used 113608K, committed 115840K, reserved 1179648K
  class space    used 12594K, committed 13632K, reserved 1048576K
}
Event: 852.943 GC heap before
{Heap before GC invocations=26766 (full 21):
 PSYoungGen      total 17920K, used 17472K [0x00000000d5580000, 0x00000000d6b80000, 0x0000000100000000)
  eden space 16896K, 100% used [0x00000000d5580000,0x00000000d6600000,0x00000000d6600000)
  from space 1024K, 56% used [0x00000000d6a80000,0x00000000d6b10000,0x00000000d6b80000)
  to   space 1024K, 0% used [0x00000000d6980000,0x00000000d6980000,0x00000000d6a80000)
 ParOldGen       total 1333248K, used 1332935K [0x0000000080000000, 0x00000000d1600000, 0x00000000d5580000)
  object space 1333248K, 99% used [0x0000000080000000,0x00000000d15b1dc8,0x00000000d1600000)
 Metaspace       used 113608K, committed 115840K, reserved 1179648K
  class space    used 12594K, committed 13632K, reserved 1048576K
}
Event: 852.946 GC heap after
{Heap after GC invocations=26766 (full 21):
 PSYoungGen      total 17920K, used 992K [0x00000000d5580000, 0x00000000d6b00000, 0x0000000100000000)
  eden space 16896K, 0% used [0x00000000d5580000,0x00000000d5580000,0x00000000d6600000)
  from space 1024K, 96% used [0x00000000d6980000,0x00000000d6a78010,0x00000000d6a80000)
  to   space 512K, 0% used [0x00000000d6a80000,0x00000000d6a80000,0x00000000d6b00000)
 ParOldGen       total 1333760K, used 1333359K [0x0000000080000000, 0x00000000d1680000, 0x00000000d5580000)
  object space 1333760K, 99% used [0x0000000080000000,0x00000000d161bdc8,0x00000000d1680000)
 Metaspace       used 113608K, committed 115840K, reserved 1179648K
  class space    used 12594K, committed 13632K, reserved 1048576K
}
Event: 852.993 GC heap before
{Heap before GC invocations=26767 (full 21):
 PSYoungGen      total 17920K, used 17888K [0x00000000d5580000, 0x00000000d6b00000, 0x0000000100000000)
  eden space 16896K, 100% used [0x00000000d5580000,0x00000000d6600000,0x00000000d6600000)
  from space 1024K, 96% used [0x00000000d6980000,0x00000000d6a78010,0x00000000d6a80000)
  to   space 512K, 0% used [0x00000000d6a80000,0x00000000d6a80000,0x00000000d6b00000)
 ParOldGen       total 1333760K, used 1333359K [0x0000000080000000, 0x00000000d1680000, 0x00000000d5580000)
  object space 1333760K, 99% used [0x0000000080000000,0x00000000d161bdc8,0x00000000d1680000)
 Metaspace       used 113608K, committed 115840K, reserved 1179648K
  class space    used 12594K, committed 13632K, reserved 1048576K
}
Event: 852.996 GC heap after
{Heap after GC invocations=26767 (full 21):
 PSYoungGen      total 17408K, used 512K [0x00000000d5580000, 0x00000000d6b00000, 0x0000000100000000)
  eden space 16896K, 0% used [0x00000000d5580000,0x00000000d5580000,0x00000000d6600000)
  from space 512K, 100% used [0x00000000d6a80000,0x00000000d6b00000,0x00000000d6b00000)
  to   space 2048K, 0% used [0x00000000d6700000,0x00000000d6700000,0x00000000d6900000)
 ParOldGen       total 1334784K, used 1334723K [0x0000000080000000, 0x00000000d1780000, 0x00000000d5580000)
  object space 1334784K, 99% used [0x0000000080000000,0x00000000d1770e28,0x00000000d1780000)
 Metaspace       used 113608K, committed 115840K, reserved 1179648K
  class space    used 12594K, committed 13632K, reserved 1048576K
}
Event: 853.078 GC heap before
{Heap before GC invocations=26768 (full 21):
 PSYoungGen      total 17408K, used 17408K [0x00000000d5580000, 0x00000000d6b00000, 0x0000000100000000)
  eden space 16896K, 100% used [0x00000000d5580000,0x00000000d6600000,0x00000000d6600000)
  from space 512K, 100% used [0x00000000d6a80000,0x00000000d6b00000,0x00000000d6b00000)
  to   space 2048K, 0% used [0x00000000d6700000,0x00000000d6700000,0x00000000d6900000)
 ParOldGen       total 1334784K, used 1334723K [0x0000000080000000, 0x00000000d1780000, 0x00000000d5580000)
  object space 1334784K, 99% used [0x0000000080000000,0x00000000d1770e28,0x00000000d1780000)
 Metaspace       used 113608K, committed 115840K, reserved 1179648K
  class space    used 12594K, committed 13632K, reserved 1048576K
}
Event: 853.081 GC heap after
{Heap after GC invocations=26768 (full 21):
 PSYoungGen      total 18944K, used 2048K [0x00000000d5580000, 0x00000000d6e00000, 0x0000000100000000)
  eden space 16896K, 0% used [0x00000000d5580000,0x00000000d5580000,0x00000000d6600000)
  from space 2048K, 100% used [0x00000000d6700000,0x00000000d6900000,0x00000000d6900000)
  to   space 4096K, 0% used [0x00000000d6a00000,0x00000000d6a00000,0x00000000d6e00000)
 ParOldGen       total 1336832K, used 1336387K [0x0000000080000000, 0x00000000d1980000, 0x00000000d5580000)
  object space 1336832K, 99% used [0x0000000080000000,0x00000000d1910e48,0x00000000d1980000)
 Metaspace       used 113608K, committed 115840K, reserved 1179648K
  class space    used 12594K, committed 13632K, reserved 1048576K
}
Event: 853.145 GC heap before
{Heap before GC invocations=26769 (full 21):
 PSYoungGen      total 18944K, used 18944K [0x00000000d5580000, 0x00000000d6e00000, 0x0000000100000000)
  eden space 16896K, 100% used [0x00000000d5580000,0x00000000d6600000,0x00000000d6600000)
  from space 2048K, 100% used [0x00000000d6700000,0x00000000d6900000,0x00000000d6900000)
  to   space 4096K, 0% used [0x00000000d6a00000,0x00000000d6a00000,0x00000000d6e00000)
 ParOldGen       total 1336832K, used 1336387K [0x0000000080000000, 0x00000000d1980000, 0x00000000d5580000)
  object space 1336832K, 99% used [0x0000000080000000,0x00000000d1910e48,0x00000000d1980000)
 Metaspace       used 113612K, committed 115840K, reserved 1179648K
  class space    used 12595K, committed 13632K, reserved 1048576K
}
Event: 853.150 GC heap after
{Heap after GC invocations=26769 (full 21):
 PSYoungGen      total 19968K, used 3072K [0x00000000d5580000, 0x00000000d6d00000, 0x0000000100000000)
  eden space 16896K, 0% used [0x00000000d5580000,0x00000000d5580000,0x00000000d6600000)
  from space 3072K, 100% used [0x00000000d6a00000,0x00000000d6d00000,0x00000000d6d00000)
  to   space 3584K, 0% used [0x00000000d6600000,0x00000000d6600000,0x00000000d6980000)
 ParOldGen       total 1338880K, used 1338477K [0x0000000080000000, 0x00000000d1b80000, 0x00000000d5580000)
  object space 1338880K, 99% used [0x0000000080000000,0x00000000d1b1b798,0x00000000d1b80000)
 Metaspace       used 113612K, committed 115840K, reserved 1179648K
  class space    used 12595K, committed 13632K, reserved 1048576K
}
Event: 853.246 GC heap before
{Heap before GC invocations=26770 (full 21):
 PSYoungGen      total 19968K, used 19968K [0x00000000d5580000, 0x00000000d6d00000, 0x0000000100000000)
  eden space 16896K, 100% used [0x00000000d5580000,0x00000000d6600000,0x00000000d6600000)
  from space 3072K, 100% used [0x00000000d6a00000,0x00000000d6d00000,0x00000000d6d00000)
  to   space 3584K, 0% used [0x00000000d6600000,0x00000000d6600000,0x00000000d6980000)
 ParOldGen       total 1338880K, used 1338477K [0x0000000080000000, 0x00000000d1b80000, 0x00000000d5580000)
  object space 1338880K, 99% used [0x0000000080000000,0x00000000d1b1b798,0x00000000d1b80000)
 Metaspace       used 113612K, committed 115840K, reserved 1179648K
  class space    used 12595K, committed 13632K, reserved 1048576K
}

