# JRE version: OpenJDK Runtime Environment Temurin-21.0.10+7 (21.0.10+7) (build 21.0.10+7-LTS)
# Java VM: OpenJDK 64-Bit Server VM Temurin-21.0.10+7 (21.0.10+7-LTS, mixed mode, sharing, tiered, compressed oops, compressed class ptrs, parallel gc, windows-amd64)
GC Precious Log:
 CardTable entry size: 512
 CPUs: 16 total, 16 available
 Memory: 15681M
 Large Page Support: Disabled
 NUMA Support: Disabled
 Compressed Oops: Enabled (32-bit)
 Alignments: Space 512K, Generation 512K, Heap 2M
 Heap Min Capacity: 100M
 Heap Initial Capacity: 100M
 Heap Max Capacity: 2G
 Pre-touch: Disabled
 Parallel Workers: 13
Heap:
 PSYoungGen      total 5120K, used 4992K [0x00000000d5580000, 0x00000000d5c00000, 0x0000000100000000)
  eden space 3584K, 100% used [0x00000000d5580000,0x00000000d5900000,0x00000000d5900000)
  from space 1536K, 91% used [0x00000000d5a80000,0x00000000d5be0000,0x00000000d5c00000)
  to   space 1536K, 95% used [0x00000000d5900000,0x00000000d5a70000,0x00000000d5a80000)
 ParOldGen       total 892416K, used 892413K [0x0000000080000000, 0x00000000b6780000, 0x00000000d5580000)
  object space 892416K, 99% used [0x0000000080000000,0x00000000b677f588,0x00000000b6780000)
 Metaspace       used 51140K, committed 52224K, reserved 1114112K
  class space    used 4633K, committed 5120K, reserved 1048576K
GC Heap History (20 events):
Event: 529.283 GC heap after
{Heap after GC invocations=1990 (full 3):
 PSYoungGen      total 5632K, used 480K [0x00000000d5580000, 0x00000000d5c00000, 0x0000000100000000)
  eden space 4608K, 0% used [0x00000000d5580000,0x00000000d5580000,0x00000000d5a00000)
  from space 1024K, 46% used [0x00000000d5a00000,0x00000000d5a78020,0x00000000d5b00000)
  to   space 1024K, 0% used [0x00000000d5b00000,0x00000000d5b00000,0x00000000d5c00000)
 ParOldGen       total 885248K, used 884746K [0x0000000080000000, 0x00000000b6080000, 0x00000000d5580000)
  object space 885248K, 99% used [0x0000000080000000,0x00000000b6002b68,0x00000000b6080000)
 Metaspace       used 51127K, committed 52224K, reserved 1114112K
  class space    used 4630K, committed 5120K, reserved 1048576K
}
Event: 529.305 GC heap before
{Heap before GC invocations=1991 (full 3):
 PSYoungGen      total 5632K, used 5088K [0x00000000d5580000, 0x00000000d5c00000, 0x0000000100000000)
  eden space 4608K, 100% used [0x00000000d5580000,0x00000000d5a00000,0x00000000d5a00000)
  from space 1024K, 46% used [0x00000000d5a00000,0x00000000d5a78020,0x00000000d5b00000)
  to   space 1024K, 0% used [0x00000000d5b00000,0x00000000d5b00000,0x00000000d5c00000)
 ParOldGen       total 885248K, used 884746K [0x0000000080000000, 0x00000000b6080000, 0x00000000d5580000)
  object space 885248K, 99% used [0x0000000080000000,0x00000000b6002b68,0x00000000b6080000)
 Metaspace       used 51127K, committed 52224K, reserved 1114112K
  class space    used 4630K, committed 5120K, reserved 1048576K
}
Event: 529.309 GC heap after
{Heap after GC invocations=1991 (full 3):
 PSYoungGen      total 5120K, used 448K [0x00000000d5580000, 0x00000000d5b80000, 0x0000000100000000)
  eden space 4608K, 0% used [0x00000000d5580000,0x00000000d5580000,0x00000000d5a00000)
  from space 512K, 87% used [0x00000000d5b00000,0x00000000d5b70000,0x00000000d5b80000)
  to   space 512K, 0% used [0x00000000d5a80000,0x00000000d5a80000,0x00000000d5b00000)
 ParOldGen       total 885248K, used 885066K [0x0000000080000000, 0x00000000b6080000, 0x00000000d5580000)
  object space 885248K, 99% used [0x0000000080000000,0x00000000b6052b88,0x00000000b6080000)
 Metaspace       used 51127K, committed 52224K, reserved 1114112K
  class space    used 4630K, committed 5120K, reserved 1048576K
}
Event: 529.360 GC heap before
{Heap before GC invocations=1992 (full 3):
 PSYoungGen      total 5120K, used 5056K [0x00000000d5580000, 0x00000000d5b80000, 0x0000000100000000)
  eden space 4608K, 100% used [0x00000000d5580000,0x00000000d5a00000,0x00000000d5a00000)
  from space 512K, 87% used [0x00000000d5b00000,0x00000000d5b70000,0x00000000d5b80000)
  to   space 512K, 0% used [0x00000000d5a80000,0x00000000d5a80000,0x00000000d5b00000)
 ParOldGen       total 885248K, used 885066K [0x0000000080000000, 0x00000000b6080000, 0x00000000d5580000)
  object space 885248K, 99% used [0x0000000080000000,0x00000000b6052b88,0x00000000b6080000)
 Metaspace       used 51128K, committed 52224K, reserved 1114112K
  class space    used 4630K, committed 5120K, reserved 1048576K
}
Event: 529.365 GC heap after
{Heap after GC invocations=1992 (full 3):
 PSYoungGen      total 5120K, used 480K [0x00000000d5580000, 0x00000000d5c00000, 0x0000000100000000)
  eden space 4608K, 0% used [0x00000000d5580000,0x00000000d5580000,0x00000000d5a00000)
  from space 512K, 93% used [0x00000000d5a80000,0x00000000d5af8020,0x00000000d5b00000)
  to   space 1024K, 0% used [0x00000000d5b00000,0x00000000d5b00000,0x00000000d5c00000)
 ParOldGen       total 885760K, used 885354K [0x0000000080000000, 0x00000000b6100000, 0x00000000d5580000)
  object space 885760K, 99% used [0x0000000080000000,0x00000000b609ab88,0x00000000b6100000)
 Metaspace       used 51128K, committed 52224K, reserved 1114112K
  class space    used 4630K, committed 5120K, reserved 1048576K
}
Event: 529.381 GC heap before
{Heap before GC invocations=1993 (full 3):
 PSYoungGen      total 5120K, used 5088K [0x00000000d5580000, 0x00000000d5c00000, 0x0000000100000000)
  eden space 4608K, 100% used [0x00000000d5580000,0x00000000d5a00000,0x00000000d5a00000)
  from space 512K, 93% used [0x00000000d5a80000,0x00000000d5af8020,0x00000000d5b00000)
  to   space 1024K, 0% used [0x00000000d5b00000,0x00000000d5b00000,0x00000000d5c00000)
 ParOldGen       total 885760K, used 885354K [0x0000000080000000, 0x00000000b6100000, 0x00000000d5580000)
  object space 885760K, 99% used [0x0000000080000000,0x00000000b609ab88,0x00000000b6100000)
 Metaspace       used 51128K, committed 52224K, reserved 1114112K
  class space    used 4630K, committed 5120K, reserved 1048576K
}
Event: 529.385 GC heap after
{Heap after GC invocations=1993 (full 3):
 PSYoungGen      total 5632K, used 608K [0x00000000d5580000, 0x00000000d5c00000, 0x0000000100000000)
  eden space 4608K, 0% used [0x00000000d5580000,0x00000000d5580000,0x00000000d5a00000)
  from space 1024K, 59% used [0x00000000d5b00000,0x00000000d5b98020,0x00000000d5c00000)
  to   space 1024K, 0% used [0x00000000d5a00000,0x00000000d5a00000,0x00000000d5b00000)
 ParOldGen       total 886272K, used 885770K [0x0000000080000000, 0x00000000b6180000, 0x00000000d5580000)
  object space 886272K, 99% used [0x0000000080000000,0x00000000b6102ba8,0x00000000b6180000)
 Metaspace       used 51128K, committed 52224K, reserved 1114112K
  class space    used 4630K, committed 5120K, reserved 1048576K
}
Event: 529.615 GC heap before
{Heap before GC invocations=1994 (full 3):
 PSYoungGen      total 5632K, used 5215K [0x00000000d5580000, 0x00000000d5c00000, 0x0000000100000000)
  eden space 4608K, 99% used [0x00000000d5580000,0x00000000d59fffa8,0x00000000d5a00000)
  from space 1024K, 59% used [0x00000000d5b00000,0x00000000d5b98020,0x00000000d5c00000)
  to   space 1024K, 0% used [0x00000000d5a00000,0x00000000d5a00000,0x00000000d5b00000)
 ParOldGen       total 886272K, used 885770K [0x0000000080000000, 0x00000000b6180000, 0x00000000d5580000)
  object space 886272K, 99% used [0x0000000080000000,0x00000000b6102ba8,0x00000000b6180000)
 Metaspace       used 51140K, committed 52224K, reserved 1114112K
  class space    used 4633K, committed 5120K, reserved 1048576K
}
Event: 529.619 GC heap after
{Heap after GC invocations=1994 (full 3):
 PSYoungGen      total 5632K, used 768K [0x00000000d5580000, 0x00000000d5c00000, 0x0000000100000000)
  eden space 4608K, 0% used [0x00000000d5580000,0x00000000d5580000,0x00000000d5a00000)
  from space 1024K, 75% used [0x00000000d5a00000,0x00000000d5ac0000,0x00000000d5b00000)
  to   space 1024K, 0% used [0x00000000d5b00000,0x00000000d5b00000,0x00000000d5c00000)
 ParOldGen       total 886272K, used 886138K [0x0000000080000000, 0x00000000b6180000, 0x00000000d5580000)
  object space 886272K, 99% used [0x0000000080000000,0x00000000b615ebc8,0x00000000b6180000)
 Metaspace       used 51140K, committed 52224K, reserved 1114112K
  class space    used 4633K, committed 5120K, reserved 1048576K
}
Event: 530.905 GC heap before
{Heap before GC invocations=1995 (full 3):
 PSYoungGen      total 5632K, used 5376K [0x00000000d5580000, 0x00000000d5c00000, 0x0000000100000000)
  eden space 4608K, 100% used [0x00000000d5580000,0x00000000d5a00000,0x00000000d5a00000)
  from space 1024K, 75% used [0x00000000d5a00000,0x00000000d5ac0000,0x00000000d5b00000)
  to   space 1024K, 0% used [0x00000000d5b00000,0x00000000d5b00000,0x00000000d5c00000)
 ParOldGen       total 886272K, used 886138K [0x0000000080000000, 0x00000000b6180000, 0x00000000d5580000)
  object space 886272K, 99% used [0x0000000080000000,0x00000000b615ebc8,0x00000000b6180000)
 Metaspace       used 51140K, committed 52224K, reserved 1114112K
  class space    used 4633K, committed 5120K, reserved 1048576K
}
Event: 530.908 GC heap after
{Heap after GC invocations=1995 (full 3):
 PSYoungGen      total 4608K, used 1024K [0x00000000d5580000, 0x00000000d5e00000, 0x0000000100000000)
  eden space 3584K, 0% used [0x00000000d5580000,0x00000000d5580000,0x00000000d5900000)
  from space 1024K, 100% used [0x00000000d5b00000,0x00000000d5c00000,0x00000000d5c00000)
  to   space 2048K, 0% used [0x00000000d5900000,0x00000000d5900000,0x00000000d5b00000)
 ParOldGen       total 886784K, used 886735K [0x0000000080000000, 0x00000000b6200000, 0x00000000d5580000)
  object space 886784K, 99% used [0x0000000080000000,0x00000000b61f3ed8,0x00000000b6200000)
 Metaspace       used 51140K, committed 52224K, reserved 1114112K
  class space    used 4633K, committed 5120K, reserved 1048576K
}
Event: 531.347 GC heap before
{Heap before GC invocations=1996 (full 3):
 PSYoungGen      total 4608K, used 4608K [0x00000000d5580000, 0x00000000d5e00000, 0x0000000100000000)
  eden space 3584K, 100% used [0x00000000d5580000,0x00000000d5900000,0x00000000d5900000)
  from space 1024K, 100% used [0x00000000d5b00000,0x00000000d5c00000,0x00000000d5c00000)
  to   space 2048K, 0% used [0x00000000d5900000,0x00000000d5900000,0x00000000d5b00000)
 ParOldGen       total 886784K, used 886735K [0x0000000080000000, 0x00000000b6200000, 0x00000000d5580000)
  object space 886784K, 99% used [0x0000000080000000,0x00000000b61f3ed8,0x00000000b6200000)
 Metaspace       used 51140K, committed 52224K, reserved 1114112K
  class space    used 4633K, committed 5120K, reserved 1048576K
}
Event: 531.351 GC heap after
{Heap after GC invocations=1996 (full 3):
 PSYoungGen      total 5120K, used 1232K [0x00000000d5580000, 0x00000000d5c00000, 0x0000000100000000)
  eden space 3584K, 0% used [0x00000000d5580000,0x00000000d5580000,0x00000000d5900000)
  from space 1536K, 80% used [0x00000000d5900000,0x00000000d5a34010,0x00000000d5a80000)
  to   space 1536K, 0% used [0x00000000d5a80000,0x00000000d5a80000,0x00000000d5c00000)
 ParOldGen       total 887808K, used 887680K [0x0000000080000000, 0x00000000b6300000, 0x00000000d5580000)
  object space 887808K, 99% used [0x0000000080000000,0x00000000b62e0108,0x00000000b6300000)
 Metaspace       used 51140K, committed 52224K, reserved 1114112K
  class space    used 4633K, committed 5120K, reserved 1048576K
}
Event: 531.495 GC heap before
{Heap before GC invocations=1997 (full 3):
 PSYoungGen      total 5120K, used 4816K [0x00000000d5580000, 0x00000000d5c00000, 0x0000000100000000)
  eden space 3584K, 100% used [0x00000000d5580000,0x00000000d5900000,0x00000000d5900000)
  from space 1536K, 80% used [0x00000000d5900000,0x00000000d5a34010,0x00000000d5a80000)
  to   space 1536K, 0% used [0x00000000d5a80000,0x00000000d5a80000,0x00000000d5c00000)
 ParOldGen       total 887808K, used 887680K [0x0000000080000000, 0x00000000b6300000, 0x00000000d5580000)
  object space 887808K, 99% used [0x0000000080000000,0x00000000b62e0108,0x00000000b6300000)
 Metaspace       used 51140K, committed 52224K, reserved 1114112K
  class space    used 4633K, committed 5120K, reserved 1048576K
}
Event: 531.501 GC heap after
{Heap after GC invocations=1997 (full 3):
 PSYoungGen      total 5120K, used 1344K [0x00000000d5580000, 0x00000000d5c00000, 0x0000000100000000)
  eden space 3584K, 0% used [0x00000000d5580000,0x00000000d5580000,0x00000000d5900000)
  from space 1536K, 87% used [0x00000000d5a80000,0x00000000d5bd0000,0x00000000d5c00000)
  to   space 1536K, 0% used [0x00000000d5900000,0x00000000d5900000,0x00000000d5a80000)
 ParOldGen       total 888832K, used 888703K [0x0000000080000000, 0x00000000b6400000, 0x00000000d5580000)
  object space 888832K, 99% used [0x0000000080000000,0x00000000b63dfe78,0x00000000b6400000)
 Metaspace       used 51140K, committed 52224K, reserved 1114112K
  class space    used 4633K, committed 5120K, reserved 1048576K
}
Event: 531.609 GC heap before
{Heap before GC invocations=1998 (full 3):
 PSYoungGen      total 5120K, used 4928K [0x00000000d5580000, 0x00000000d5c00000, 0x0000000100000000)
  eden space 3584K, 100% used [0x00000000d5580000,0x00000000d5900000,0x00000000d5900000)
  from space 1536K, 87% used [0x00000000d5a80000,0x00000000d5bd0000,0x00000000d5c00000)
  to   space 1536K, 0% used [0x00000000d5900000,0x00000000d5900000,0x00000000d5a80000)
 ParOldGen       total 888832K, used 888703K [0x0000000080000000, 0x00000000b6400000, 0x00000000d5580000)
  object space 888832K, 99% used [0x0000000080000000,0x00000000b63dfe78,0x00000000b6400000)
 Metaspace       used 51140K, committed 52224K, reserved 1114112K
  class space    used 4633K, committed 5120K, reserved 1048576K
}
Event: 531.614 GC heap after
{Heap after GC invocations=1998 (full 3):
 PSYoungGen      total 5120K, used 1440K [0x00000000d5580000, 0x00000000d5c00000, 0x0000000100000000)
  eden space 3584K, 0% used [0x00000000d5580000,0x00000000d5580000,0x00000000d5900000)
  from space 1536K, 93% used [0x00000000d5900000,0x00000000d5a68000,0x00000000d5a80000)
  to   space 1536K, 0% used [0x00000000d5a80000,0x00000000d5a80000,0x00000000d5c00000)
 ParOldGen       total 890368K, used 889925K [0x0000000080000000, 0x00000000b6580000, 0x00000000d5580000)
  object space 890368K, 99% used [0x0000000080000000,0x00000000b6511478,0x00000000b6580000)
 Metaspace       used 51140K, committed 52224K, reserved 1114112K
  class space    used 4633K, committed 5120K, reserved 1048576K
}
Event: 531.691 GC heap before
{Heap before GC invocations=1999 (full 3):
 PSYoungGen      total 5120K, used 5024K [0x00000000d5580000, 0x00000000d5c00000, 0x0000000100000000)
  eden space 3584K, 100% used [0x00000000d5580000,0x00000000d5900000,0x00000000d5900000)
  from space 1536K, 93% used [0x00000000d5900000,0x00000000d5a68000,0x00000000d5a80000)
  to   space 1536K, 0% used [0x00000000d5a80000,0x00000000d5a80000,0x00000000d5c00000)
 ParOldGen       total 890368K, used 889925K [0x0000000080000000, 0x00000000b6580000, 0x00000000d5580000)
  object space 890368K, 99% used [0x0000000080000000,0x00000000b6511478,0x00000000b6580000)
 Metaspace       used 51140K, committed 52224K, reserved 1114112K
  class space    used 4633K, committed 5120K, reserved 1048576K
}
Event: 531.695 GC heap after
{Heap after GC invocations=1999 (full 3):
 PSYoungGen      total 5120K, used 1408K [0x00000000d5580000, 0x00000000d5c00000, 0x0000000100000000)
  eden space 3584K, 0% used [0x00000000d5580000,0x00000000d5580000,0x00000000d5900000)
  from space 1536K, 91% used [0x00000000d5a80000,0x00000000d5be0000,0x00000000d5c00000)
  to   space 1536K, 0% used [0x00000000d5900000,0x00000000d5900000,0x00000000d5a80000)
 ParOldGen       total 891392K, used 891198K [0x0000000080000000, 0x00000000b6680000, 0x00000000d5580000)
  object space 891392K, 99% used [0x0000000080000000,0x00000000b664f998,0x00000000b6680000)
 Metaspace       used 51140K, committed 52224K, reserved 1114112K
  class space    used 4633K, committed 5120K, reserved 1048576K
}
Event: 531.740 GC heap before
{Heap before GC invocations=2000 (full 3):
 PSYoungGen      total 5120K, used 4992K [0x00000000d5580000, 0x00000000d5c00000, 0x0000000100000000)
  eden space 3584K, 100% used [0x00000000d5580000,0x00000000d5900000,0x00000000d5900000)
  from space 1536K, 91% used [0x00000000d5a80000,0x00000000d5be0000,0x00000000d5c00000)
  to   space 1536K, 0% used [0x00000000d5900000,0x00000000d5900000,0x00000000d5a80000)
 ParOldGen       total 891392K, used 891198K [0x0000000080000000, 0x00000000b6680000, 0x00000000d5580000)
  object space 891392K, 99% used [0x0000000080000000,0x00000000b664f998,0x00000000b6680000)
 Metaspace       used 51140K, committed 52224K, reserved 1114112K
  class space    used 4633K, committed 5120K, reserved 1048576K
}

